<?xml version="1.0" encoding="UTF-8"?>
<testsuite xmlns:xsi="http://www.w3.org/2001/XMLSchema-instance" xsi:noNamespaceSchemaLocation="https://maven.apache.org/surefire/maven-surefire-plugin/xsd/surefire-test-report.xsd" name="com.zjr.assistant.AssistantApplicationTests" time="10.1" tests="4" errors="1" skipped="0" failures="0">
  <properties>
[...]
</properties>
  <testcase name="testFile" classname="com.zjr.assistant.AssistantApplicationTests" time="0.245"/>
  <testcase name="testPath" classname="com.zjr.assistant.AssistantApplicationTests" time="0.123">
    <error message="6" type="java.lang.ArrayIndexOutOfBoundsException">java.lang.ArrayIndexOutOfBoundsException: 6
	at com.zjr.assistant.AssistantApplicationTests.testPath(AssistantApplicationTests.java:43)
</error>
  </testcase>
  <testcase name="contextLoads" classname="com.zjr.assistant.AssistantApplicationTests" time="0.005"/>
  <testcase name="testPostQQ" classname="com.zjr.assistant.AssistantApplicationTests" time="2.348"/>
</testsuite>